#
# There is insufficient memory for the Java Runtime Environment to continue.
# Native memory allocation (malloc) failed to allocate 32744 bytes for ChunkPool::allocate
# Possible reasons:
#   The system is out of physical RAM or swap space
#   In 32 bit mode, the process size limit was hit
# Possible solutions:
#   Reduce memory load on the system
#   Increase physical memory or swap space
#   Check if swap backing store is full
#   Use 64 bit Java on a 64 bit OS
#   Decrease Java heap size (-Xmx/-Xms)
#   Decrease number of Java threads
#
#  Out of Memory Error
#
# JavaThread "C2 CompilerThread2" daemon [_thread_in_native, id=1324, stack(0x0000000017b60000,0x0000000017c60000)]

Stack: [0x0000000017b60000,0x0000000017c60000]
[error occurred during error reporting (printing stack bounds), id 0xc0000005]

Native frames: (J=compiled Java code, j=interpreted, Vv=VM code, C=native code)


Current CompileTask:
C2:26893786 2650   !   4       com.mysql.cj.jdbc.AbandonedConnectionCleanupThread::checkThreadContextClassLoader (20 bytes)


---------------  P R O C E S S  ---------------

Java Threads: ( => current thread )
  0x000000001a09c800 JavaThread "Swing-Shell" daemon [_thread_blocked, id=18440, stack(0x00000000202c0000,0x00000000203c0000)]
  0x0000000018417800 JavaThread "mysql-cj-abandoned-connection-cleanup" daemon [_thread_blocked, id=12760, stack(0x000000001f500000,0x000000001f600000)]
  0x00000000186db000 JavaThread "TimerQueue" daemon [_thread_blocked, id=9936, stack(0x000000001b620000,0x000000001b720000)]
  0x000000000236e000 JavaThread "DestroyJavaVM" [_thread_blocked, id=19980, stack(0x0000000002720000,0x0000000002820000)]
  0x00000000175fe800 JavaThread "AWT-EventQueue-0" [_thread_blocked, id=10552, stack(0x0000000019450000,0x0000000019550000)]
  0x0000000018031800 JavaThread "AWT-Windows" daemon [_thread_in_native, id=15040, stack(0x0000000018a50000,0x0000000018b50000)]
  0x0000000018031000 JavaThread "AWT-Shutdown" [_thread_blocked, id=9120, stack(0x0000000018950000,0x0000000018a50000)]
  0x000000001807d800 JavaThread "Java2D Disposer" daemon [_thread_blocked, id=3068, stack(0x0000000018810000,0x0000000018910000)]
  0x000000001731c800 JavaThread "Service Thread" daemon [_thread_blocked, id=5360, stack(0x0000000017d60000,0x0000000017e60000)]
  0x000000001729d800 JavaThread "C1 CompilerThread3" daemon [_thread_blocked, id=12984, stack(0x0000000017c60000,0x0000000017d60000)]
=>0x0000000017292800 JavaThread "C2 CompilerThread2" daemon [_thread_in_native, id=1324, stack(0x0000000017b60000,0x0000000017c60000)]
  0x000000001728d800 JavaThread "C2 CompilerThread1" daemon [_thread_blocked, id=19800, stack(0x0000000017a60000,0x0000000017b60000)]
  0x000000001728a800 JavaThread "C2 CompilerThread0" daemon [_thread_blocked, id=11852, stack(0x0000000017960000,0x0000000017a60000)]
  0x0000000017284000 JavaThread "Attach Listener" daemon [_thread_blocked, id=20068, stack(0x0000000017860000,0x0000000017960000)]
  0x0000000017283800 JavaThread "Signal Dispatcher" daemon [_thread_blocked, id=13356, stack(0x0000000017760000,0x0000000017860000)]
  0x0000000017220800 JavaThread "Finalizer" daemon [_thread_blocked, id=14208, stack(0x0000000017600000,0x0000000017700000)]
  0x000000001533d800 JavaThread "Reference Handler" daemon [_thread_blocked, id=9840, stack(0x0000000017100000,0x0000000017200000)]

Other Threads:
  0x0000000015338000 VMThread [stack: 0x0000000017000000,0x0000000017100000] [id=15528]
  0x000000001733f800 WatcherThread [stack: 0x0000000017e60000,0x0000000017f60000] [id=7948]

VM state:not at safepoint (normal execution)

VM Mutex/Monitor currently owned by a thread: None

Heap:
 PSYoungGen      total 35840K, used 10358K [0x00000000eb400000, 0x00000000eec00000, 0x0000000100000000)
  eden space 15872K, 64% used [0x00000000eb400000,0x00000000ebdfdb78,0x00000000ec380000)
  from space 19968K, 0% used [0x00000000ed780000,0x00000000ed7a0000,0x00000000eeb00000)
  to   space 20480K, 0% used [0x00000000ec380000,0x00000000ec380000,0x00000000ed780000)
 ParOldGen       total 89088K, used 52307K [0x00000000c1c00000, 0x00000000c7300000, 0x00000000eb400000)
  object space 89088K, 58% used [0x00000000c1c00000,0x00000000c4f14ec8,0x00000000c7300000)
 Metaspace       used 18167K, capacity 18486K, committed 18816K, reserved 1064960K
  class space    used 2291K, capacity 2385K, committed 2432K, reserved 1048576K

Card table byte_map: [0x0000000011ce0000,0x0000000011ee0000] byte_map_base: 0x00000000116d2000

Marking Bits: (ParMarkBitMap*) 0x00000000644a2d00
 Begin Bits: [0x0000000012830000, 0x00000000137c0000)
 End Bits:   [0x00000000137c0000, 0x0000000014750000)

Polling page: 0x0000000000510000

CodeCache: size=245760Kb used=7512Kb max_used=7788Kb free=238247Kb
 bounds [0x0000000002920000, 0x00000000030d0000, 0x0000000011920000]
 total_blobs=2901 nmethods=2345 adapters=466
 compilation: enabled

Compilation events (10 events):
Event: 26325.027 Thread 0x000000001729d800 nmethod 2645 0x0000000002fa8150 code [0x0000000002fa82c0, 0x0000000002fa85a8]
Event: 26325.027 Thread 0x000000001729d800 2646       3       sun.awt.Win32GraphicsDevice::getDynamicColorModel (25 bytes)
Event: 26325.032 Thread 0x000000001729d800 nmethod 2646 0x0000000002a40b10 code [0x0000000002a40c80, 0x0000000002a40e88]
Event: 26333.316 Thread 0x000000001729d800 2647       1       sun.awt.Win32GraphicsDevice::getScreen (5 bytes)
Event: 26333.317 Thread 0x000000001729d800 nmethod 2647 0x0000000002c08c10 code [0x0000000002c08d60, 0x0000000002c08e70]
Event: 26334.427 Thread 0x000000001729d800 2648       3       java.awt.EventQueue::postEvent (13 bytes)
Event: 26334.450 Thread 0x000000001729d800 nmethod 2648 0x0000000003037710 code [0x00000000030378a0, 0x0000000003037ca8]
Event: 26348.421 Thread 0x000000001729d800 2649       1       sun.awt.Win32GraphicsConfig::getProxyKey (5 bytes)
Event: 26348.423 Thread 0x000000001729d800 nmethod 2649 0x0000000002b26bd0 code [0x0000000002b26d20, 0x0000000002b26e30]
Event: 26881.165 Thread 0x0000000017292800 2650   !   4       com.mysql.cj.jdbc.AbandonedConnectionCleanupThread::checkThreadContextClassLoader (20 bytes)

GC Heap History (10 events):
Event: 23.039 GC heap before
{Heap before GC invocations=3 (full 0):
 PSYoungGen      total 18944K, used 18916K [0x00000000eb400000, 0x00000000ec900000, 0x0000000100000000)
  eden space 16384K, 100% used [0x00000000eb400000,0x00000000ec400000,0x00000000ec400000)
  from space 2560K, 98% used [0x00000000ec680000,0x00000000ec8f9348,0x00000000ec900000)
  to   space 2560K, 0% used [0x00000000ec400000,0x00000000ec400000,0x00000000ec680000)
 ParOldGen       total 44032K, used 5439K [0x00000000c1c00000, 0x00000000c4700000, 0x00000000eb400000)
  object space 44032K, 12% used [0x00000000c1c00000,0x00000000c214ff90,0x00000000c4700000)
 Metaspace       used 17795K, capacity 18138K, committed 18560K, reserved 1064960K
  class space    used 2269K, capacity 2383K, committed 2432K, reserved 1048576K
Event: 23.047 GC heap after
Heap after GC invocations=3 (full 0):
 PSYoungGen      total 18944K, used 2557K [0x00000000eb400000, 0x00000000ec900000, 0x0000000100000000)
  eden space 16384K, 0% used [0x00000000eb400000,0x00000000eb400000,0x00000000ec400000)
  from space 2560K, 99% used [0x00000000ec400000,0x00000000ec67f6f8,0x00000000ec680000)
  to   space 2560K, 0% used [0x00000000ec680000,0x00000000ec680000,0x00000000ec900000)
 ParOldGen       total 44032K, used 20504K [0x00000000c1c00000, 0x00000000c4700000, 0x00000000eb400000)
  object space 44032K, 46% used [0x00000000c1c00000,0x00000000c30060a8,0x00000000c4700000)
 Metaspace       used 17795K, capacity 18138K, committed 18560K, reserved 1064960K
  class space    used 2269K, capacity 2383K, committed 2432K, reserved 1048576K
}
Event: 54.244 GC heap before
{Heap before GC invocations=4 (full 0):
 PSYoungGen      total 18944K, used 18931K [0x00000000eb400000, 0x00000000ec900000, 0x0000000100000000)
  eden space 16384K, 99% used [0x00000000eb400000,0x00000000ec3fd5e8,0x00000000ec400000)
  from space 2560K, 99% used [0x00000000ec400000,0x00000000ec67f6f8,0x00000000ec680000)
  to   space 2560K, 0% used [0x00000000ec680000,0x00000000ec680000,0x00000000ec900000)
 ParOldGen       total 79872K, used 56225K [0x00000000c1c00000, 0x00000000c6a00000, 0x00000000eb400000)
  object space 79872K, 70% used [0x00000000c1c00000,0x00000000c52e84b8,0x00000000c6a00000)
 Metaspace       used 18090K, capacity 18352K, committed 18560K, reserved 1064960K
  class space    used 2279K, capacity 2384K, committed 2432K, reserved 1048576K
Event: 54.251 GC heap after
Heap after GC invocations=4 (full 0):
 PSYoungGen      total 18944K, used 2533K [0x00000000eb400000, 0x00000000ec900000, 0x0000000100000000)
  eden space 16384K, 0% used [0x00000000eb400000,0x00000000eb400000,0x00000000ec400000)
  from space 2560K, 98% used [0x00000000ec680000,0x00000000ec8f9748,0x00000000ec900000)
  to   space 2560K, 0% used [0x00000000ec400000,0x00000000ec400000,0x00000000ec680000)
 ParOldGen       total 79872K, used 66154K [0x00000000c1c00000, 0x00000000c6a00000, 0x00000000eb400000)
  object space 79872K, 82% used [0x00000000c1c00000,0x00000000c5c9ab28,0x00000000c6a00000)
 Metaspace       used 18090K, capacity 18352K, committed 18560K, reserved 1064960K
  class space    used 2279K, capacity 2384K, committed 2432K, reserved 1048576K
}
Event: 54.251 GC heap before
{Heap before GC invocations=5 (full 1):
 PSYoungGen      total 18944K, used 2533K [0x00000000eb400000, 0x00000000ec900000, 0x0000000100000000)
  eden space 16384K, 0% used [0x00000000eb400000,0x00000000eb400000,0x00000000ec400000)
  from space 2560K, 98% used [0x00000000ec680000,0x00000000ec8f9748,0x00000000ec900000)
  to   space 2560K, 0% used [0x00000000ec400000,0x00000000ec400000,0x00000000ec680000)
 ParOldGen       total 79872K, used 66154K [0x00000000c1c00000, 0x00000000c6a00000, 0x00000000eb400000)
  object space 79872K, 82% used [0x00000000c1c00000,0x00000000c5c9ab28,0x00000000c6a00000)
 Metaspace       used 18090K, capacity 18352K, committed 18560K, reserved 1064960K
  class space    used 2279K, capacity 2384K, committed 2432K, reserved 1048576K
Event: 54.276 GC heap after
Heap after GC invocations=5 (full 1):
 PSYoungGen      total 18944K, used 0K [0x00000000eb400000, 0x00000000ec900000, 0x0000000100000000)
  eden space 16384K, 0% used [0x00000000eb400000,0x00000000eb400000,0x00000000ec400000)
  from space 2560K, 0% used [0x00000000ec680000,0x00000000ec680000,0x00000000ec900000)
  to   space 2560K, 0% used [0x00000000ec400000,0x00000000ec400000,0x00000000ec680000)
 ParOldGen       total 89088K, used 52299K [0x00000000c1c00000, 0x00000000c7300000, 0x00000000eb400000)
  object space 89088K, 58% used [0x00000000c1c00000,0x00000000c4f12ec8,0x00000000c7300000)
 Metaspace       used 18090K, capacity 18352K, committed 18560K, reserved 1064960K
  class space    used 2279K, capacity 2384K, committed 2432K, reserved 1048576K
}
Event: 54.334 GC heap before
{Heap before GC invocations=6 (full 1):
 PSYoungGen      total 18944K, used 16379K [0x00000000eb400000, 0x00000000ec900000, 0x0000000100000000)
  eden space 16384K, 99% used [0x00000000eb400000,0x00000000ec3fef90,0x00000000ec400000)
  from space 2560K, 0% used [0x00000000ec680000,0x00000000ec680000,0x00000000ec900000)
  to   space 2560K, 0% used [0x00000000ec400000,0x00000000ec400000,0x00000000ec680000)
 ParOldGen       total 89088K, used 52299K [0x00000000c1c00000, 0x00000000c7300000, 0x00000000eb400000)
  object space 89088K, 58% used [0x00000000c1c00000,0x00000000c4f12ec8,0x00000000c7300000)
 Metaspace       used 18090K, capacity 18352K, committed 18560K, reserved 1064960K
  class space    used 2279K, capacity 2384K, committed 2432K, reserved 1048576K
Event: 54.335 GC heap after
Heap after GC invocations=6 (full 1):
 PSYoungGen      total 18944K, used 96K [0x00000000eb400000, 0x00000000eeb00000, 0x0000000100000000)
  eden space 16384K, 0% used [0x00000000eb400000,0x00000000eb400000,0x00000000ec400000)
  from space 2560K, 3% used [0x00000000ec400000,0x00000000ec418000,0x00000000ec680000)
  to   space 19968K, 0% used [0x00000000ed780000,0x00000000ed780000,0x00000000eeb00000)
 ParOldGen       total 89088K, used 52307K [0x00000000c1c00000, 0x00000000c7300000, 0x00000000eb400000)
  object space 89088K, 58% used [0x00000000c1c00000,0x00000000c4f14ec8,0x00000000c7300000)
 Metaspace       used 18090K, capacity 18352K, committed 18560K, reserved 1064960K
  class space    used 2279K, capacity 2384K, committed 2432K, reserved 1048576K
}
Event: 54.389 GC heap before
{Heap before GC invocations=7 (full 1):
 PSYoungGen      total 18944K, used 16480K [0x00000000eb400000, 0x00000000eeb00000, 0x0000000100000000)
  eden space 16384K, 100% used [0x00000000eb400000,0x00000000ec400000,0x00000000ec400000)
  from space 2560K, 3% used [0x00000000ec400000,0x00000000ec418000,0x00000000ec680000)
  to   space 19968K, 0% used [0x00000000ed780000,0x00000000ed780000,0x00000000eeb00000)
 ParOldGen       total 89088K, used 52307K [0x00000000c1c00000, 0x00000000c7300000, 0x00000000eb400000)
  object space 89088K, 58% used [0x00000000c1c00000,0x00000000c4f14ec8,0x00000000c7300000)
 Metaspace       used 18090K, capacity 18352K, committed 18560K, reserved 1064960K
  class space    used 2279K, capacity 2384K, committed 2432K, reserved 1048576K
Event: 54.392 GC heap after
Heap after GC invocations=7 (full 1):
 PSYoungGen      total 35840K, used 128K [0x00000000eb400000, 0x00000000eec00000, 0x0000000100000000)
  eden space 15872K, 0% used [0x00000000eb400000,0x00000000eb400000,0x00000000ec380000)
  from space 19968K, 0% used [0x00000000ed780000,0x00000000ed7a0000,0x00000000eeb00000)
  to   space 20480K, 0% used [0x00000000ec380000,0x00000000ec380000,0x00000000ed780000)
 ParOldGen       total 89088K, used 52307K [0x00000000c1c00000, 0x00000000c7300000, 0x00000000eb400000)
  object space 89088K, 58% used [0x00000000c1c00000,0x00000000c4f14ec8,0x00000000c7300000)
 Metaspace       used 18090K, capacity 18352K, committed 18560K, reserved 1064960K
  class space    used 2279K, capacity 2384K, committed 2432K, reserved 1048576K
}

Deoptimization events (10 events):
Event: 39.469 Thread 0x00000000175fe800 Uncommon trap: reason=class_check action=maybe_recompile pc=0x0000000002ab39a8 method=javax.swing.JComponent.setBorder(Ljavax/swing/border/Border;)V @ 56
Event: 39.471 Thread 0x00000000175fe800 Uncommon trap: reason=class_check action=maybe_recompile pc=0x0000000002ab39a8 method=javax.swing.JComponent.setBorder(Ljavax/swing/border/Border;)V @ 56
Event: 39.472 Thread 0x00000000175fe800 Uncommon trap: reason=bimorphic action=maybe_recompile pc=0x0000000002fc30ac method=javax.swing.JLabel.setDisplayedMnemonicIndex(I)V @ 85
Event: 39.473 Thread 0x00000000175fe800 Uncommon trap: reason=bimorphic action=maybe_recompile pc=0x0000000002fa91d0 method=javax.swing.JLabel.setDisplayedMnemonicIndex(I)V @ 85
Event: 39.473 Thread 0x00000000175fe800 Uncommon trap: reason=class_check action=maybe_recompile pc=0x0000000002ab39a8 method=javax.swing.JComponent.setBorder(Ljavax/swing/border/Border;)V @ 56
Event: 39.474 Thread 0x00000000175fe800 Uncommon trap: reason=class_check action=maybe_recompile pc=0x0000000002ab39a8 method=javax.swing.JComponent.setBorder(Ljavax/swing/border/Border;)V @ 56
Event: 39.493 Thread 0x00000000175fe800 Uncommon trap: reason=unstable_if action=reinterpret pc=0x0000000002c39688 method=javax.swing.plaf.basic.BasicLabelUI.getPreferredSize(Ljavax/swing/JComponent;)Ljava/awt/Dimension; @ 71
Event: 51.799 Thread 0x00000000175fe800 Uncommon trap: reason=unstable_if action=reinterpret pc=0x0000000002ba5224 method=com.mysql.cj.protocol.a.NativePacketPayload.ensureCapacity(I)V @ 11
Event: 51.799 Thread 0x00000000175fe800 Uncommon trap: reason=unstable_if action=reinterpret pc=0x0000000003039488 method=com.mysql.cj.protocol.a.NativePacketPayload.ensureCapacity(I)V @ 11
Event: 61.528 Thread 0x00000000175fe800 Uncommon trap: reason=unstable_if action=reinterpret pc=0x0000000002fc6dc4 method=javax.swing.plaf.basic.BasicHTML.isHTMLString(Ljava/lang/String;)Z @ 1

Classes redefined (0 events):
No events

Internal exceptions (10 events):
Event: 0.285 Thread 0x000000000236e000 Exception <a 'java/lang/NullPointerException'> (0x00000000eb8546a0) thrown at [C:\re\workspace\8-2-build-windows-amd64-cygwin\jdk8u181\11358\hotspot\src\share\vm\interpreter\linkResolver.cpp, line 1185]
Event: 0.600 Thread 0x00000000175fe800 Implicit null exception at 0x0000000002b8821a to 0x0000000002b882a1
Event: 0.609 Thread 0x00000000175fe800 Implicit null exception at 0x0000000002bc1354 to 0x0000000002bc3b65
Event: 25.036 Thread 0x00000000175fe800 Implicit null exception at 0x0000000002fe87aa to 0x0000000002fe9685
Event: 39.466 Thread 0x00000000175fe800 Implicit null exception at 0x0000000002fe1178 to 0x0000000002fe12bd
Event: 61.528 Thread 0x00000000175fe800 Implicit null exception at 0x0000000002fc5f6c to 0x0000000002fc6da5
Event: 61.530 Thread 0x00000000175fe800 Exception <a 'java/lang/IllegalArgumentException'> (0x00000000eb725f10) thrown at [C:\re\workspace\8-2-build-windows-amd64-cygwin\jdk8u181\11358\hotspot\src\share\vm\prims\jvm.cpp, line 1439]
Event: 61.530 Thread 0x00000000175fe800 Exception <a 'java/lang/IllegalArgumentException'> (0x00000000eb725f10) thrown at [C:\re\workspace\8-2-build-windows-amd64-cygwin\jdk8u181\11358\hotspot\src\share\vm\prims\jvm.cpp, line 1439]
Event: 64.645 Thread 0x00000000175fe800 Exception <a 'java/lang/IllegalArgumentException'> (0x00000000eb73d970) thrown at [C:\re\workspace\8-2-build-windows-amd64-cygwin\jdk8u181\11358\hotspot\src\share\vm\prims\jvm.cpp, line 1439]
Event: 64.645 Thread 0x00000000175fe800 Exception <a 'java/lang/IllegalArgumentException'> (0x00000000eb73d970) thrown at [C:\re\workspace\8-2-build-windows-amd64-cygwin\jdk8u181\11358\hotspot\src\share\vm\prims\jvm.cpp, line 1439]

Events (10 events):
Event: 13328.955 Thread 0x000000001728d800 flushing nmethod 0x0000000002f9bf90
Event: 13328.956 Thread 0x000000001728d800 flushing nmethod 0x0000000002f9d210
Event: 13328.961 Thread 0x000000001728d800 flushing nmethod 0x0000000002fa7f90
Event: 13328.975 Thread 0x000000001728d800 flushing nmethod 0x0000000002fc3a50
Event: 13328.995 Thread 0x000000001728d800 flushing nmethod 0x0000000002fe8350
Event: 13329.010 Thread 0x000000001728d800 flushing nmethod 0x0000000003037710
Event: 13329.011 Thread 0x000000001728d800 flushing nmethod 0x0000000003038250
Event: 13329.013 Thread 0x000000001728d800 flushing nmethod 0x00000000030396d0
Event: 13329.015 Thread 0x000000001728d800 flushing nmethod 0x000000000303abd0
Event: 13704.003 Thread 0x000000001728d800 flushing nmethod 0x000000000303ec10


Dynamic libraries:
0x00007ff7cc210000 - 0x00007ff7cc247000 	C:\Program Files\Java\jre1.8.0_181\bin\javaw.exe
0x00007fff489a0000 - 0x00007fff48b81000 	C:\WINDOWS\SYSTEM32\ntdll.dll
0x00007fff467a0000 - 0x00007fff46851000 	C:\WINDOWS\System32\KERNEL32.DLL
0x00007fff45a70000 - 0x00007fff45ce3000 	C:\WINDOWS\System32\KERNELBASE.dll
0x00007fff46860000 - 0x00007fff46901000 	C:\WINDOWS\System32\ADVAPI32.dll
0x00007fff466e0000 - 0x00007fff4677e000 	C:\WINDOWS\System32\msvcrt.dll
0x00007fff460a0000 - 0x00007fff460fb000 	C:\WINDOWS\System32\sechost.dll
0x00007fff48790000 - 0x00007fff488b4000 	C:\WINDOWS\System32\RPCRT4.dll
0x00007fff45eb0000 - 0x00007fff46040000 	C:\WINDOWS\System32\USER32.dll
0x00007fff45e10000 - 0x00007fff45e30000 	C:\WINDOWS\System32\win32u.dll
0x00007fff48760000 - 0x00007fff48788000 	C:\WINDOWS\System32\GDI32.dll
0x00007fff44ec0000 - 0x00007fff45051000 	C:\WINDOWS\System32\gdi32full.dll
0x00007fff45d70000 - 0x00007fff45e0f000 	C:\WINDOWS\System32\msvcp_win.dll
0x00007fff44d70000 - 0x00007fff44e68000 	C:\WINDOWS\System32\ucrtbase.dll
0x00007fff365d0000 - 0x00007fff36839000 	C:\WINDOWS\WinSxS\amd64_microsoft.windows.common-controls_6595b64144ccf1df_6.0.17134.829_none_fb46a5473061b9d5\COMCTL32.dll
0x00007fff46e10000 - 0x00007fff47132000 	C:\WINDOWS\System32\combase.dll
0x00007fff45cf0000 - 0x00007fff45d6a000 	C:\WINDOWS\System32\bcryptPrimitives.dll
0x00007fff46550000 - 0x00007fff4657d000 	C:\WINDOWS\System32\IMM32.DLL
0x0000000063b80000 - 0x0000000063c52000 	C:\Program Files\Java\jre1.8.0_181\bin\msvcr100.dll
0x0000000063c80000 - 0x0000000064522000 	C:\Program Files\Java\jre1.8.0_181\bin\server\jvm.dll
0x00007fff48960000 - 0x00007fff48968000 	C:\WINDOWS\System32\PSAPI.DLL
0x00007fff42610000 - 0x00007fff42633000 	C:\WINDOWS\SYSTEM32\WINMM.dll
0x00007fff3faa0000 - 0x00007fff3faaa000 	C:\WINDOWS\SYSTEM32\VERSION.dll
0x00007fff2d940000 - 0x00007fff2d949000 	C:\WINDOWS\SYSTEM32\WSOCK32.dll
0x00007fff46920000 - 0x00007fff4698c000 	C:\WINDOWS\System32\WS2_32.dll
0x00007fff423b0000 - 0x00007fff423da000 	C:\WINDOWS\SYSTEM32\winmmbase.dll
0x00007fff44e70000 - 0x00007fff44eb9000 	C:\WINDOWS\System32\cfgmgr32.dll
0x0000000064610000 - 0x000000006461f000 	C:\Program Files\Java\jre1.8.0_181\bin\verify.dll
0x00000000645e0000 - 0x0000000064609000 	C:\Program Files\Java\jre1.8.0_181\bin\java.dll
0x00000000645c0000 - 0x00000000645d6000 	C:\Program Files\Java\jre1.8.0_181\bin\zip.dll
0x00007fff47140000 - 0x00007fff48580000 	C:\WINDOWS\System32\SHELL32.dll
0x00007fff485e0000 - 0x00007fff48689000 	C:\WINDOWS\System32\shcore.dll
0x00007fff45110000 - 0x00007fff4581d000 	C:\WINDOWS\System32\windows.storage.dll
0x00007fff48580000 - 0x00007fff485d1000 	C:\WINDOWS\System32\shlwapi.dll
0x00007fff44cd0000 - 0x00007fff44ce1000 	C:\WINDOWS\System32\kernel.appcore.dll
0x00007fff44cb0000 - 0x00007fff44ccf000 	C:\WINDOWS\System32\profapi.dll
0x00007fff44d20000 - 0x00007fff44d6c000 	C:\WINDOWS\System32\powrprof.dll
0x00007fff44cf0000 - 0x00007fff44cfa000 	C:\WINDOWS\System32\FLTLIB.DLL
0x00000000639e0000 - 0x0000000063b79000 	C:\Program Files\Java\jre1.8.0_181\bin\awt.dll
0x00007fff48690000 - 0x00007fff48752000 	C:\WINDOWS\System32\OLEAUT32.dll
0x00007fff427a0000 - 0x00007fff4282b000 	C:\WINDOWS\SYSTEM32\apphelp.dll
0x00007fff430d0000 - 0x00007fff430f9000 	C:\WINDOWS\system32\DWMAPI.DLL
0x00007fff42b50000 - 0x00007fff42be8000 	C:\WINDOWS\system32\uxtheme.dll
0x00007fff2bf00000 - 0x00007fff2c020000 	C:\WINDOWS\system32\opengl32.dll
0x00007fff2c050000 - 0x00007fff2c07c000 	C:\WINDOWS\SYSTEM32\GLU32.dll
0x00007fff46c80000 - 0x00007fff46df3000 	C:\WINDOWS\System32\MSCTF.dll
0x00007fff46580000 - 0x00007fff466d1000 	C:\WINDOWS\System32\ole32.dll
0x0000000063990000 - 0x00000000639d7000 	C:\Program Files\Java\jre1.8.0_181\bin\fontmanager.dll
0x00007fff488c0000 - 0x00007fff48960000 	C:\WINDOWS\System32\clbcatq.dll
0x00007fff3dd40000 - 0x00007fff3deee000 	C:\WINDOWS\SYSTEM32\WindowsCodecs.dll
0x00007fff24970000 - 0x00007fff249c8000 	C:\WINDOWS\system32\dataexchange.dll
0x00007fff40ec0000 - 0x00007fff411cb000 	C:\WINDOWS\system32\d3d11.dll
0x00007fff418b0000 - 0x00007fff41a4c000 	C:\WINDOWS\system32\dcomp.dll
0x00007fff43a80000 - 0x00007fff43b3b000 	C:\WINDOWS\system32\dxgi.dll
0x00007fff43160000 - 0x00007fff43318000 	C:\WINDOWS\system32\twinapi.appcore.dll
0x00007fff43100000 - 0x00007fff43129000 	C:\WINDOWS\system32\RMCLIENT.dll
0x00000000645a0000 - 0x00000000645ba000 	C:\Program Files\Java\jre1.8.0_181\bin\net.dll
0x00007fff44530000 - 0x00007fff44596000 	C:\WINDOWS\system32\mswsock.dll
0x0000000064580000 - 0x0000000064591000 	C:\Program Files\Java\jre1.8.0_181\bin\nio.dll
0x0000000063940000 - 0x0000000063982000 	C:\Program Files\Java\jre1.8.0_181\bin\t2k.dll
0x00007fff311d0000 - 0x00007fff31266000 	C:\WINDOWS\System32\TextInputFramework.dll
0x00007fff3c0d0000 - 0x00007fff3c3ee000 	C:\WINDOWS\System32\CoreUIComponents.dll
0x00007fff41f30000 - 0x00007fff4200a000 	C:\WINDOWS\System32\CoreMessaging.dll
0x00007fff43db0000 - 0x00007fff43de1000 	C:\WINDOWS\SYSTEM32\ntmarta.dll
0x00007fff40940000 - 0x00007fff40a8d000 	C:\WINDOWS\SYSTEM32\wintypes.dll
0x00007fff176c0000 - 0x00007fff1780c000 	C:\WINDOWS\system32\IME\IMETC\IMTCTIP.DLL
0x00007fff33850000 - 0x00007fff339fb000 	C:\WINDOWS\SYSTEM32\DUI70.dll
0x00007fff42c90000 - 0x00007fff42e44000 	C:\WINDOWS\SYSTEM32\PROPSYS.dll
0x00007fff17540000 - 0x00007fff17696000 	C:\Windows\System32\IME\shared\imetip.dll
0x00007fff3bc80000 - 0x00007fff3bceb000 	C:\WINDOWS\SYSTEM32\OLEACC.dll
0x00007fff174f0000 - 0x00007fff1753e000 	C:\WINDOWS\system32\IME\IMETC\IMTCCFG.DLL
0x00007fff15620000 - 0x00007fff15736000 	C:\WINDOWS\system32\IME\IMETC\IMTCCORE.DLL
0x00007fff45880000 - 0x00007fff45a62000 	C:\WINDOWS\System32\CRYPT32.dll
0x00007fff44d00000 - 0x00007fff44d12000 	C:\WINDOWS\System32\MSASN1.dll
0x00007fff447e0000 - 0x00007fff44806000 	C:\WINDOWS\SYSTEM32\ncrypt.dll
0x00007fff44810000 - 0x00007fff44835000 	C:\WINDOWS\SYSTEM32\bcrypt.dll
0x00007fff447a0000 - 0x00007fff447d6000 	C:\WINDOWS\SYSTEM32\NTASN1.dll
0x00007fff14ef0000 - 0x00007fff150b1000 	C:\Windows\System32\IME\shared\mscand20.dll
0x00007fff3bb20000 - 0x00007fff3bb27000 	C:\WINDOWS\SYSTEM32\MSIMG32.dll
0x00007fff20530000 - 0x00007fff20730000 	C:\WINDOWS\SYSTEM32\UIAutomationCore.DLL
0x00007fff14e50000 - 0x00007fff14ee3000 	C:\WINDOWS\SYSTEM32\DUser.dll
0x00007fff44be0000 - 0x00007fff44c10000 	C:\WINDOWS\SYSTEM32\SspiCli.dll
0x00007fff25320000 - 0x00007fff2537a000 	C:\Windows\System32\IME\SHARED\imelm.dll
0x0000000063910000 - 0x000000006393a000 	C:\Program Files\Java\jre1.8.0_181\bin\dcpr.dll
0x00007fff3bcf0000 - 0x00007fff3bd97000 	C:\WINDOWS\WinSxS\amd64_microsoft.windows.common-controls_6595b64144ccf1df_5.82.17134.829_none_f94fe9573097fa34\comctl32.dll
0x00007fff39a30000 - 0x00007fff3a0cb000 	C:\Windows\System32\OneCoreUAPCommonProxyStub.dll
0x00007fff22bb0000 - 0x00007fff22cd7000 	C:\WINDOWS\system32\NetworkExplorer.dll
0x00007fff35930000 - 0x00007fff3594a000 	C:\WINDOWS\SYSTEM32\MPR.dll
0x00007fff32e60000 - 0x00007fff32e6b000 	C:\WINDOWS\System32\drprov.dll
0x00007fff43e50000 - 0x00007fff43ea6000 	C:\WINDOWS\System32\WINSTA.dll
0x00007fff2a070000 - 0x00007fff2a086000 	C:\WINDOWS\System32\ntlanman.dll
0x00007fff2a050000 - 0x00007fff2a06d000 	C:\WINDOWS\System32\davclnt.dll
0x00007fff32e50000 - 0x00007fff32e5c000 	C:\WINDOWS\System32\DAVHLPR.dll
0x00007fff3f7a0000 - 0x00007fff3f7b7000 	C:\WINDOWS\System32\wkscli.dll
0x00007fff234f0000 - 0x00007fff23502000 	C:\WINDOWS\SYSTEM32\cscapi.dll
0x00007fff443c0000 - 0x00007fff443ce000 	C:\WINDOWS\System32\netutils.dll
0x00007fff11850000 - 0x00007fff1189a000 	C:\Windows\System32\dlnashext.dll
0x00007fff249d0000 - 0x00007fff249ee000 	C:\Windows\System32\DevDispItemProvider.dll
0x00007fff44930000 - 0x00007fff44957000 	C:\WINDOWS\System32\DEVOBJ.dll
0x00007fff28670000 - 0x00007fff28851000 	C:\WINDOWS\system32\wpdshext.dll
0x00007fff3bda0000 - 0x00007fff3bf3b000 	C:\WINDOWS\WinSxS\amd64_microsoft.windows.gdiplus_6595b64144ccf1df_1.1.17134.829_none_2c31982c8af433a3\gdiplus.dll
0x00007fff3ff80000 - 0x00007fff4001c000 	C:\Windows\System32\PortableDeviceApi.dll
0x00007fff46100000 - 0x00007fff4654b000 	C:\WINDOWS\System32\SETUPAPI.dll
0x00007fff45820000 - 0x00007fff45877000 	C:\WINDOWS\System32\WINTRUST.dll
0x00007fff227c0000 - 0x00007fff227f7000 	C:\Windows\System32\EhStorShell.dll
0x00007fff2a710000 - 0x00007fff2a735000 	C:\Windows\System32\EhStorAPI.dll
0x00007fff43930000 - 0x00007fff43943000 	C:\Windows\System32\WTSAPI32.dll
0x00007fff37370000 - 0x00007fff3737d000 	C:\WINDOWS\SYSTEM32\LINKINFO.dll
0x00007fff29210000 - 0x00007fff29298000 	C:\Windows\System32\appresolver.dll
0x00007fff2fb90000 - 0x00007fff2fbe0000 	C:\Windows\System32\Bcp47Langs.dll
0x00007fff44bb0000 - 0x00007fff44bd8000 	C:\Windows\System32\USERENV.dll
0x00007fff43c60000 - 0x00007fff43c87000 	C:\Windows\System32\SLC.dll
0x00007fff43c30000 - 0x00007fff43c55000 	C:\Windows\System32\sppc.dll
0x00007fff3df40000 - 0x00007fff3dfa4000 	C:\WINDOWS\system32\Ninput.dll
0x0000000064cb0000 - 0x0000000064ce1000 	C:\Program Files\Java\jre1.8.0_181\bin\jpeg.dll

VM Arguments:
jvm_args: -Dfile.encoding=MS950 
java_command: LogOn
java_class_path (initial): C:\Program Files\Java\jre1.8.0_181\lib\resources.jar;C:\Program Files\Java\jre1.8.0_181\lib\rt.jar;C:\Program Files\Java\jre1.8.0_181\lib\jsse.jar;C:\Program Files\Java\jre1.8.0_181\lib\jce.jar;C:\Program Files\Java\jre1.8.0_181\lib\charsets.jar;C:\Program Files\Java\jre1.8.0_181\lib\jfr.jar;C:\Program Files\Java\jre1.8.0_181\lib\ext\access-bridge-64.jar;C:\Program Files\Java\jre1.8.0_181\lib\ext\cldrdata.jar;C:\Program Files\Java\jre1.8.0_181\lib\ext\dnsns.jar;C:\Program Files\Java\jre1.8.0_181\lib\ext\jaccess.jar;C:\Program Files\Java\jre1.8.0_181\lib\ext\jfxrt.jar;C:\Program Files\Java\jre1.8.0_181\lib\ext\localedata.jar;C:\Program Files\Java\jre1.8.0_181\lib\ext\nashorn.jar;C:\Program Files\Java\jre1.8.0_181\lib\ext\sunec.jar;C:\Program Files\Java\jre1.8.0_181\lib\ext\sunjce_provider.jar;C:\Program Files\Java\jre1.8.0_181\lib\ext\sunmscapi.jar;C:\Program Files\Java\jre1.8.0_181\lib\ext\sunpkcs11.jar;C:\Program Files\Java\jre1.8.0_181\lib\ext\zipfs.jar;C:\Users\user\eclipse-workspace\Final project\bin;C:\Users\user\Downloads\mysql-connector-java-8.0.16.jar
Launcher Type: SUN_STANDARD

Environment Variables:
CLASSPATH=.;C:\Program Files (x86)\QuickTime\QTSystem\QTJava.zip
PATH=C:/Program Files/Java/jre1.8.0_181/bin/server;C:/Program Files/Java/jre1.8.0_181/bin;C:/Program Files/Java/jre1.8.0_181/lib/amd64;C:\Program Files (x86)\Common Files\Oracle\Java\javapath;C:\Program Files (x86)\Intel\iCLS Client\;C:\Program Files\Intel\iCLS Client\;C:\Windows\system32;C:\Windows;C:\Windows\System32\Wbem;C:\Windows\System32\WindowsPowerShell\v1.0\;C:\Program Files (x86)\Intel\Intel(R) Management Engine Components\DAL;C:\Program Files\Intel\Intel(R) Management Engine Components\DAL;C:\Program Files (x86)\Intel\Intel(R) Management Engine Components\IPT;C:\Program Files\Intel\Intel(R) Management Engine Components\IPT;C:\Program Files (x86)\NVIDIA Corporation\PhysX\Common;C:\WINDOWS\system32;C:\WINDOWS;C:\WINDOWS\System32\Wbem;C:\WINDOWS\System32\WindowsPowerShell\v1.0\;C:\WINDOWS\System32\OpenSSH\;C:\Program Files (x86)\Git\cmd;C:\Program Files (x86)\QuickTime\QTSystem\;C:\Users\user\AppData\Local\Microsoft\WindowsApps;;C:\Users\user\Desktop\學校程設\eclipse;
USERNAME=user
OS=Windows_NT
PROCESSOR_IDENTIFIER=Intel64 Family 6 Model 142 Stepping 10, GenuineIntel



---------------  S Y S T E M  ---------------

OS: Windows 10.0 , 64 bit Build 17134 (10.0.17134.753)

CPU:total 8 (initial active 8) (4 cores per cpu, 2 threads per core) family 6 model 142 stepping 10, cmov, cx8, fxsr, mmx, sse, sse2, sse3, ssse3, sse4.1, sse4.2, popcnt, avx, avx2, aes, clmul, erms, 3dnowpref, lzcnt, ht, tsc, tscinvbit, bmi1, bmi2, adx

Memory: 4k page, physical 4074140k(300580k free), swap 16657052k(0k free)

vm_info: Java HotSpot(TM) 64-Bit Server VM (25.181-b13) for windows-amd64 JRE (1.8.0_181-b13), built on Jul  7 2018 04:01:33 by "java_re" with MS VC++ 10.0 (VS2010)

time: Mon Jun 24 02:55:55 2019
elapsed time: 26881 seconds (0d 7h 28m 1s)

